<?xml version="1.0" encoding="UTF-8"?>
<!-- Generated by org.testng.reporters.JUnitReportReporter -->
<testsuite hostname="CK-YOGA" failures="0" tests="3" name="com.crm.qa.testcases.DealsPageTest" time="26.591" errors="0" timestamp="01 Jan 2018 08:51:12 GMT" skipped="2">
  <testcase classname="com.crm.qa.testcases.DealsPageTest" name="verifyDeleteDeal" time="26.591"/>
  <testcase classname="com.crm.qa.testcases.DealsPageTest" name="verifyDealsTextTest">
    <skipped/>
  </testcase> <!-- verifyDealsTextTest -->
  <testcase classname="com.crm.qa.testcases.DealsPageTest" name="clickOnNewDealTest">
    <skipped/>
  </testcase> <!-- clickOnNewDealTest -->
</testsuite> <!-- com.crm.qa.testcases.DealsPageTest -->
