<?xml version="1.0" encoding="UTF-8"?>
<!-- Generated by org.testng.reporters.JUnitReportReporter -->
<testsuite hostname="CK-YOGA" failures="0" tests="3" name="com.crm.qa.testcases.HomePageTest" time="62.307" errors="0" timestamp="28 Dec 2017 21:25:26 GMT" skipped="0">
  <testcase classname="com.crm.qa.testcases.HomePageTest" name="verifyHomePageTitleTest" time="21.527"/>
  <testcase classname="com.crm.qa.testcases.HomePageTest" name="verifyUserLabelTest" time="17.482"/>
  <testcase classname="com.crm.qa.testcases.HomePageTest" name="verifyContactsLinkTest" time="23.298"/>
</testsuite> <!-- com.crm.qa.testcases.HomePageTest -->
