<?xml version="1.0" encoding="UTF-8"?>
<!-- Generated by org.testng.reporters.JUnitReportReporter -->
<testsuite hostname="CK-YOGA" failures="0" tests="3" name="com.crm.qa.testcases.LoginPageTest" time="30.531" errors="0" timestamp="30 Dec 2017 07:41:43 GMT" skipped="1">
  <testcase classname="com.crm.qa.testcases.LoginPageTest" name="freeCRMLogoTest" time="7.815"/>
  <testcase classname="com.crm.qa.testcases.LoginPageTest" name="login" time="22.716"/>
  <testcase classname="com.crm.qa.testcases.LoginPageTest" name="loginPageTitleTest">
    <skipped/>
  </testcase> <!-- loginPageTitleTest -->
</testsuite> <!-- com.crm.qa.testcases.LoginPageTest -->
