<?xml version="1.0" encoding="UTF-8"?>
<!-- Generated by org.testng.reporters.JUnitReportReporter -->
<testsuite hostname="CK-YOGA" failures="0" tests="3" name="com.crm.qa.testcases.NewDealPageTest" time="79.250" errors="0" timestamp="01 Jan 2018 08:54:21 GMT" skipped="0">
  <testcase classname="com.crm.qa.testcases.NewDealPageTest" name="validateCreateNewDeal" time="27.308"/>
  <testcase classname="com.crm.qa.testcases.NewDealPageTest" name="validateCreateNewDeal" time="25.515"/>
  <testcase classname="com.crm.qa.testcases.NewDealPageTest" name="validateCreateNewDeal" time="26.427"/>
</testsuite> <!-- com.crm.qa.testcases.NewDealPageTest -->
