<?xml version="1.0" encoding="UTF-8"?>
<!-- Generated by org.testng.reporters.JUnitReportReporter -->
<testsuite hostname="CK-YOGA" failures="0" tests="3" name="com.crm.qa.testcases.LoginPageTest" time="33.555" errors="0" timestamp="30 Dec 2017 22:04:53 GMT" skipped="0">
  <testcase classname="com.crm.qa.testcases.LoginPageTest" name="loginPageTitleTest" time="6.949"/>
  <testcase classname="com.crm.qa.testcases.LoginPageTest" name="freeCRMLogoTest" time="7.464"/>
  <testcase classname="com.crm.qa.testcases.LoginPageTest" name="login" time="19.142"/>
</testsuite> <!-- com.crm.qa.testcases.LoginPageTest -->
